2024-11-30 09:23:19 - ERROR - Fehler bei Datenbankinitialisierung: name 'get_db_connection' is not defined
2024-11-30 09:23:19 - ERROR - Fehler bei der Datenbankinitialisierung
2024-11-30 09:42:37 - ERROR - Fehler beim Laden der Verbrauchsmaterialien: Could not build url for endpoint 'consumables'. Did you mean 'add_consumable' instead?
2024-11-30 09:42:37 - ERROR - Traceback (most recent call last):
  File "C:\Users\wosch\Documents\GitHub\inventar\src\routes\consumables.py", line 48, in consumables
    return render_template('consumables.html',
          ^^^^^^^^^^^^^^^^^^^^^^^^^^^^^^^^^^^
  File "C:\Users\wosch\Documents\GitHub\inventar\venv\Lib\site-packages\flask\templating.py", line 152, in render_template
    return _render(app, template, context)
           ^^^^^^^^^^^^^^^^^^^^^^^^^^^^^^^
  File "C:\Users\wosch\Documents\GitHub\inventar\venv\Lib\site-packages\flask\templating.py", line 133, in _render
    rv = template.render(context)
         ^^^^^^^^^^^^^^^^^^^^^^^^
  File "C:\Users\wosch\Documents\GitHub\inventar\venv\Lib\site-packages\jinja2\environment.py", line 1301, in render
    self.environment.handle_exception()
  File "C:\Users\wosch\Documents\GitHub\inventar\venv\Lib\site-packages\jinja2\environment.py", line 936, in handle_exception
    raise rewrite_traceback_stack(source=source)
  File "C:\Users\wosch\Documents\GitHub\inventar\src\templates\consumables.html", line 1, in top-level template code
    {% extends "base.html" %}
  File "C:\Users\wosch\Documents\GitHub\inventar\src\templates\base.html", line 41, in top-level template code
    <a href="{{ url_for('consumables') }}"
    ^^^^^^^^^^^^^^^^^^^^^^^^^
  File "C:\Users\wosch\Documents\GitHub\inventar\venv\Lib\site-packages\flask\app.py", line 1071, in url_for
    return self.handle_url_build_error(error, endpoint, values)
           ^^^^^^^^^^^^^^^^^^^^^^^^^^^^^^^^^^^^^^^^^^^^^^^^^^^^
  File "C:\Users\wosch\Documents\GitHub\inventar\venv\Lib\site-packages\flask\app.py", line 1060, in url_for
    rv = url_adapter.build(  # type: ignore[union-attr]
         ^^^^^^^^^^^^^^^^^^^^^^^^^^^^^^^^^^^^^^^^^^^^^^
  File "C:\Users\wosch\Documents\GitHub\inventar\venv\Lib\site-packages\werkzeug\routing\map.py", line 919, in build
    raise BuildError(endpoint, values, method, self)
werkzeug.routing.exceptions.BuildError: Could not build url for endpoint 'consumables'. Did you mean 'add_consumable' instead?

2024-11-30 09:43:15 - ERROR - Fehler beim Laden des Dashboards: Could not build url for endpoint 'consumables'. Did you mean 'add_consumable' instead?
2024-11-30 09:43:16 - ERROR - Fehler beim Laden des Dashboards: Could not build url for endpoint 'consumables'. Did you mean 'add_consumable' instead?
2024-11-30 09:56:37 - ERROR - Fehler beim Update: table tool_status_history has no column named status
2024-11-30 10:03:29 - ERROR - Fehler beim Erstellen der Testdaten: table tools has no column named gegenstand
2024-11-30 10:03:30 - ERROR - Fehler beim Erstellen der Testdaten: table tools has no column named gegenstand
2024-11-30 10:03:33 - ERROR - Fehler beim Laden der Ausleihseite: no such column: lastname
2024-11-30 10:03:33 - ERROR - Datenbankfehler: no such table: tool_status_history
2024-11-30 10:03:33 - ERROR - Datenbankfehler: no such table: tool_status_history
2024-11-30 10:03:33 - ERROR - Datenbankfehler: no such table: tool_status_history
2024-11-30 10:03:33 - ERROR - Datenbankfehler: no such table: tool_status_history
2024-11-30 10:03:33 - ERROR - Datenbankfehler: no such table: tool_status_history
2024-11-30 10:03:33 - ERROR - Datenbankfehler: no such table: tool_status_history
2024-11-30 10:03:33 - ERROR - Datenbankfehler: no such table: tool_status_history
2024-11-30 10:03:33 - ERROR - Datenbankfehler: no such table: tool_status_history
2024-11-30 10:03:33 - ERROR - Datenbankfehler: no such table: tool_status_history
2024-11-30 10:03:33 - ERROR - Datenbankfehler: no such table: tool_status_history
2024-11-30 10:03:33 - ERROR - Datenbankfehler: no such table: tool_status_history
2024-11-30 10:03:33 - ERROR - Datenbankfehler: no such table: tool_status_history
2024-11-30 10:03:33 - ERROR - Datenbankfehler: no such table: tool_status_history
2024-11-30 10:03:33 - ERROR - Datenbankfehler: no such table: tool_status_history
2024-11-30 10:03:33 - ERROR - Datenbankfehler: no such table: tool_status_history
2024-11-30 10:03:33 - ERROR - Datenbankfehler: no such table: tool_status_history
2024-11-30 10:03:33 - ERROR - Datenbankfehler: no such table: tool_status_history
2024-11-30 10:03:33 - ERROR - Datenbankfehler: no such table: tool_status_history
2024-11-30 10:03:33 - ERROR - Datenbankfehler: no such table: tool_status_history
2024-11-30 10:03:33 - ERROR - Datenbankfehler: no such table: tool_status_history
2024-11-30 10:03:35 - ERROR - Datenbankfehler: no such table: tool_status_history
2024-11-30 10:03:35 - ERROR - Datenbankfehler: no such table: tool_status_history
2024-11-30 10:03:35 - ERROR - Datenbankfehler: no such table: tool_status_history
2024-11-30 10:03:35 - ERROR - Datenbankfehler: no such table: tool_status_history
2024-11-30 10:03:35 - ERROR - Datenbankfehler: no such table: tool_status_history
2024-11-30 10:03:35 - ERROR - Datenbankfehler: no such table: tool_status_history
2024-11-30 10:03:35 - ERROR - Datenbankfehler: no such table: tool_status_history
2024-11-30 10:03:35 - ERROR - Datenbankfehler: no such table: tool_status_history
2024-11-30 10:03:35 - ERROR - Datenbankfehler: no such table: tool_status_history
2024-11-30 10:03:35 - ERROR - Datenbankfehler: no such table: tool_status_history
2024-11-30 10:03:35 - ERROR - Datenbankfehler: no such table: tool_status_history
2024-11-30 10:03:35 - ERROR - Datenbankfehler: no such table: tool_status_history
2024-11-30 10:03:35 - ERROR - Datenbankfehler: no such table: tool_status_history
2024-11-30 10:03:35 - ERROR - Datenbankfehler: no such table: tool_status_history
2024-11-30 10:03:35 - ERROR - Datenbankfehler: no such table: tool_status_history
2024-11-30 10:03:35 - ERROR - Datenbankfehler: no such table: tool_status_history
2024-11-30 10:03:35 - ERROR - Datenbankfehler: no such table: tool_status_history
2024-11-30 10:03:35 - ERROR - Datenbankfehler: no such table: tool_status_history
2024-11-30 10:03:35 - ERROR - Datenbankfehler: no such table: tool_status_history
2024-11-30 10:03:35 - ERROR - Datenbankfehler: no such table: tool_status_history
2024-11-30 10:03:49 - ERROR - Datenbankfehler: no such table: tool_status_history
2024-11-30 10:03:49 - ERROR - Datenbankfehler: no such table: tool_status_history
2024-11-30 10:03:49 - ERROR - Datenbankfehler: no such table: tool_status_history
2024-11-30 10:03:50 - ERROR - Datenbankfehler: no such table: tool_status_history
2024-11-30 10:03:50 - ERROR - Datenbankfehler: no such table: tool_status_history
2024-11-30 10:03:50 - ERROR - Datenbankfehler: no such table: tool_status_history
2024-11-30 10:03:50 - ERROR - Datenbankfehler: no such table: tool_status_history
2024-11-30 10:03:50 - ERROR - Datenbankfehler: no such table: tool_status_history
2024-11-30 10:03:50 - ERROR - Datenbankfehler: no such table: tool_status_history
2024-11-30 10:03:50 - ERROR - Datenbankfehler: no such table: tool_status_history
2024-11-30 10:03:50 - ERROR - Datenbankfehler: no such table: tool_status_history
2024-11-30 10:03:50 - ERROR - Datenbankfehler: no such table: tool_status_history
2024-11-30 10:03:50 - ERROR - Datenbankfehler: no such table: tool_status_history
2024-11-30 10:03:50 - ERROR - Datenbankfehler: no such table: tool_status_history
2024-11-30 10:03:50 - ERROR - Datenbankfehler: no such table: tool_status_history
2024-11-30 10:03:50 - ERROR - Datenbankfehler: no such table: tool_status_history
2024-11-30 10:03:50 - ERROR - Datenbankfehler: no such table: tool_status_history
2024-11-30 10:03:50 - ERROR - Datenbankfehler: no such table: tool_status_history
2024-11-30 10:03:50 - ERROR - Datenbankfehler: no such table: tool_status_history
2024-11-30 10:03:50 - ERROR - Datenbankfehler: no such table: tool_status_history
2024-11-30 10:03:50 - ERROR - Datenbankfehler: no such table: tool_status_history
2024-11-30 10:05:36 - ERROR - Fehler beim Erstellen der Testdaten: table tools has no column named gegenstand
2024-11-30 10:07:30 - ERROR - Fehler bei der Initialisierung: table workers has no column named lastname
2024-11-30 10:07:30 - ERROR - Fehler beim Erstellen der Testdaten: table workers has no column named lastname
2024-11-30 10:09:22 - ERROR - Fehler beim Laden der Verbrauchsmaterialien: cannot UPDATE generated column "status"
2024-11-30 10:09:22 - ERROR - Traceback (most recent call last):
  File "C:\Users\wosch\Documents\GitHub\inventar\src\app.py", line 285, in consumables
    conn.execute('''
sqlite3.OperationalError: cannot UPDATE generated column "status"

2024-11-30 10:09:24 - ERROR - Fehler beim Laden der Mitarbeiter: no such column: bereich
2024-11-30 10:09:25 - ERROR - Fehler beim Laden der Verbrauchsmaterialien: cannot UPDATE generated column "status"
2024-11-30 10:09:25 - ERROR - Traceback (most recent call last):
  File "C:\Users\wosch\Documents\GitHub\inventar\src\app.py", line 285, in consumables
    conn.execute('''
sqlite3.OperationalError: cannot UPDATE generated column "status"

2024-11-30 10:10:18 - ERROR - Fehler beim Laden der Verbrauchsmaterialien: cannot UPDATE generated column "status"
2024-11-30 10:10:18 - ERROR - Traceback (most recent call last):
  File "C:\Users\wosch\Documents\GitHub\inventar\src\app.py", line 285, in consumables
    conn.execute('''
sqlite3.OperationalError: cannot UPDATE generated column "status"

2024-11-30 10:10:19 - ERROR - Fehler beim Laden der Mitarbeiter: no such column: bereich
2024-11-30 10:14:41 - ERROR - Fehler beim Laden der Verbrauchsmaterialien: cannot UPDATE generated column "status"
2024-11-30 10:14:41 - ERROR - Traceback (most recent call last):
  File "C:\Users\wosch\Documents\GitHub\inventar\src\app.py", line 285, in consumables
    conn.execute('''
sqlite3.OperationalError: cannot UPDATE generated column "status"

2024-11-30 10:14:42 - ERROR - Fehler beim Laden der Mitarbeiter: no such column: bereich
2024-11-30 10:15:01 - ERROR - Fehler beim Laden der Ausleihseite: no such column: einheit
2024-11-30 10:15:02 - ERROR - Fehler beim Laden des Dashboards: no such table: deleted_tools
2024-11-30 10:16:42 - ERROR - Fehler beim Laden der Verbrauchsmaterialien: cannot UPDATE generated column "status"
2024-11-30 10:16:42 - ERROR - Traceback (most recent call last):
  File "C:\Users\wosch\Documents\GitHub\inventar\src\app.py", line 285, in consumables
    conn.execute('''
sqlite3.OperationalError: cannot UPDATE generated column "status"

2024-11-30 10:16:43 - ERROR - Fehler beim Laden der Mitarbeiter: no such column: bereich
2024-11-30 10:16:45 - ERROR - Fehler beim Laden der Ausleihseite: no such column: einheit
2024-11-30 10:16:46 - ERROR - Fehler beim Laden des Dashboards: no such column: bereich
2024-11-30 10:21:47 - ERROR - Fehler beim Laden der Mitarbeiter: no such column: bereich
2024-11-30 10:21:47 - ERROR - Fehler beim Laden der Verbrauchsmaterialien: name 'filter_status' is not defined
2024-11-30 10:21:47 - ERROR - Traceback (most recent call last):
  File "C:\Users\wosch\Documents\GitHub\inventar\src\app.py", line 271, in consumables
    active_filter=filter_status)
                  ^^^^^^^^^^^^^
NameError: name 'filter_status' is not defined

2024-11-30 10:21:49 - ERROR - Fehler beim Laden der Ausleihseite: Object of type Row is not JSON serializable
2024-11-30 10:21:51 - ERROR - Fehler beim Laden des Dashboards: no such column: bereich
2024-11-30 10:21:52 - ERROR - Fehler beim Laden der Verbrauchsmaterialien: name 'filter_status' is not defined
2024-11-30 10:21:52 - ERROR - Traceback (most recent call last):
  File "C:\Users\wosch\Documents\GitHub\inventar\src\app.py", line 271, in consumables
    active_filter=filter_status)
                  ^^^^^^^^^^^^^
NameError: name 'filter_status' is not defined

2024-11-30 10:21:54 - ERROR - Fehler beim Laden der Mitarbeiter: no such column: bereich
2024-11-30 10:21:55 - ERROR - Fehler beim Laden der Verbrauchsmaterialien: name 'filter_status' is not defined
2024-11-30 10:21:55 - ERROR - Traceback (most recent call last):
  File "C:\Users\wosch\Documents\GitHub\inventar\src\app.py", line 271, in consumables
    active_filter=filter_status)
                  ^^^^^^^^^^^^^
NameError: name 'filter_status' is not defined

2024-11-30 10:27:07 - ERROR - Fehler beim Laden der Mitarbeiter: no such column: email
2024-11-30 10:27:09 - ERROR - Fehler beim Laden der Ausleihseite: no such column: einheit
